<?xml version="1.0" encoding="UTF-8"?>
<coverage generated="1516358190566" clover="3.2.0">
  <project timestamp="1516358190566" name="All files">
    <metrics statements="416" coveredstatements="276" conditionals="225" coveredconditionals="102" methods="124" coveredmethods="91" elements="765" coveredelements="469" complexity="0" loc="416" ncloc="416" packages="8" files="16" classes="16">
      <package name="actions">
        <metrics statements="247" coveredstatements="138" conditionals="152" coveredconditionals="46" methods="105" coveredmethods="82"/>
        <file name="actionTypes.js" path="/Users/zachang/checkpoint/HelloBooks/client/src/actions/actionTypes.js">
          <metrics statements="0" coveredstatements="0" conditionals="0" coveredconditionals="0" methods="0" coveredmethods="0"/>
        </file>
        <file name="bookAction.js" path="/Users/zachang/checkpoint/HelloBooks/client/src/actions/bookAction.js">
          <metrics statements="152" coveredstatements="71" conditionals="100" coveredconditionals="23" methods="63" coveredmethods="44"/>
          <line num="6" count="1" type="stmt"/>
          <line num="7" count="0" type="stmt"/>
          <line num="9" count="0" type="stmt"/>
          <line num="13" count="0" type="stmt"/>
          <line num="14" count="0" type="stmt"/>
          <line num="15" count="0" type="stmt"/>
          <line num="19" count="0" type="stmt"/>
          <line num="20" count="0" type="stmt"/>
          <line num="23" count="0" type="stmt"/>
          <line num="29" count="0" type="cond" truecount="0" falsecount="2"/>
          <line num="30" count="0" type="stmt"/>
          <line num="31" count="0" type="cond" truecount="0" falsecount="2"/>
          <line num="32" count="0" type="stmt"/>
          <line num="33" count="0" type="cond" truecount="0" falsecount="2"/>
          <line num="34" count="0" type="stmt"/>
          <line num="39" count="0" type="stmt"/>
          <line num="47" count="0" type="cond" truecount="0" falsecount="4"/>
          <line num="48" count="0" type="stmt"/>
          <line num="54" count="0" type="cond" truecount="0" falsecount="4"/>
          <line num="55" count="0" type="stmt"/>
          <line num="64" count="1" type="stmt"/>
          <line num="65" count="0" type="cond" truecount="0" falsecount="6"/>
          <line num="67" count="0" type="stmt"/>
          <line num="70" count="0" type="stmt"/>
          <line num="76" count="0" type="cond" truecount="0" falsecount="2"/>
          <line num="77" count="0" type="stmt"/>
          <line num="78" count="0" type="cond" truecount="0" falsecount="2"/>
          <line num="79" count="0" type="stmt"/>
          <line num="80" count="0" type="cond" truecount="0" falsecount="2"/>
          <line num="81" count="0" type="stmt"/>
          <line num="86" count="0" type="stmt"/>
          <line num="93" count="0" type="cond" truecount="0" falsecount="4"/>
          <line num="94" count="0" type="stmt"/>
          <line num="95" count="0" type="stmt"/>
          <line num="99" count="0" type="stmt"/>
          <line num="100" count="0" type="stmt"/>
          <line num="103" count="0" type="stmt"/>
          <line num="109" count="0" type="cond" truecount="0" falsecount="2"/>
          <line num="110" count="0" type="stmt"/>
          <line num="111" count="0" type="cond" truecount="0" falsecount="2"/>
          <line num="112" count="0" type="stmt"/>
          <line num="113" count="0" type="cond" truecount="0" falsecount="2"/>
          <line num="114" count="0" type="stmt"/>
          <line num="119" count="0" type="stmt"/>
          <line num="127" count="0" type="cond" truecount="0" falsecount="4"/>
          <line num="128" count="0" type="stmt"/>
          <line num="136" count="0" type="cond" truecount="0" falsecount="4"/>
          <line num="137" count="0" type="stmt"/>
          <line num="138" count="0" type="stmt"/>
          <line num="142" count="0" type="stmt"/>
          <line num="143" count="0" type="stmt"/>
          <line num="146" count="0" type="stmt"/>
          <line num="152" count="0" type="cond" truecount="0" falsecount="2"/>
          <line num="153" count="0" type="stmt"/>
          <line num="154" count="0" type="cond" truecount="0" falsecount="2"/>
          <line num="155" count="0" type="stmt"/>
          <line num="156" count="0" type="cond" truecount="0" falsecount="2"/>
          <line num="157" count="0" type="stmt"/>
          <line num="162" count="0" type="stmt"/>
          <line num="170" count="0" type="cond" truecount="0" falsecount="4"/>
          <line num="171" count="0" type="stmt"/>
          <line num="181" count="2" type="stmt"/>
          <line num="182" count="2" type="stmt"/>
          <line num="183" count="2" type="cond" truecount="1" falsecount="1"/>
          <line num="184" count="2" type="stmt"/>
          <line num="186" count="2" type="stmt"/>
          <line num="192" count="1" type="stmt"/>
          <line num="199" count="1" type="cond" truecount="1" falsecount="1"/>
          <line num="200" count="0" type="stmt"/>
          <line num="201" count="1" type="cond" truecount="1" falsecount="1"/>
          <line num="202" count="0" type="stmt"/>
          <line num="204" count="1" type="stmt"/>
          <line num="212" count="2" type="stmt"/>
          <line num="213" count="2" type="stmt"/>
          <line num="218" count="1" type="stmt"/>
          <line num="224" count="1" type="cond" truecount="1" falsecount="1"/>
          <line num="225" count="0" type="stmt"/>
          <line num="226" count="1" type="cond" truecount="1" falsecount="1"/>
          <line num="227" count="0" type="stmt"/>
          <line num="229" count="1" type="stmt"/>
          <line num="238" count="2" type="stmt"/>
          <line num="239" count="2" type="stmt"/>
          <line num="244" count="1" type="stmt"/>
          <line num="250" count="1" type="cond" truecount="1" falsecount="1"/>
          <line num="251" count="0" type="stmt"/>
          <line num="252" count="1" type="cond" truecount="1" falsecount="1"/>
          <line num="253" count="0" type="stmt"/>
          <line num="255" count="1" type="stmt"/>
          <line num="263" count="2" type="stmt"/>
          <line num="264" count="2" type="stmt"/>
          <line num="269" count="1" type="stmt"/>
          <line num="275" count="1" type="cond" truecount="1" falsecount="1"/>
          <line num="276" count="0" type="stmt"/>
          <line num="277" count="1" type="cond" truecount="1" falsecount="1"/>
          <line num="278" count="0" type="stmt"/>
          <line num="280" count="1" type="stmt"/>
          <line num="288" count="2" type="stmt"/>
          <line num="289" count="2" type="stmt"/>
          <line num="294" count="1" type="stmt"/>
          <line num="300" count="1" type="cond" truecount="1" falsecount="1"/>
          <line num="301" count="0" type="stmt"/>
          <line num="302" count="1" type="cond" truecount="1" falsecount="1"/>
          <line num="303" count="0" type="stmt"/>
          <line num="305" count="1" type="stmt"/>
          <line num="313" count="2" type="stmt"/>
          <line num="314" count="2" type="stmt"/>
          <line num="319" count="1" type="stmt"/>
          <line num="328" count="1" type="cond" truecount="1" falsecount="1"/>
          <line num="329" count="0" type="stmt"/>
          <line num="330" count="1" type="cond" truecount="1" falsecount="1"/>
          <line num="331" count="0" type="stmt"/>
          <line num="333" count="1" type="stmt"/>
          <line num="341" count="2" type="stmt"/>
          <line num="342" count="2" type="stmt"/>
          <line num="347" count="1" type="stmt"/>
          <line num="356" count="1" type="cond" truecount="1" falsecount="1"/>
          <line num="357" count="0" type="stmt"/>
          <line num="358" count="1" type="cond" truecount="1" falsecount="1"/>
          <line num="359" count="0" type="stmt"/>
          <line num="361" count="1" type="stmt"/>
          <line num="369" count="2" type="stmt"/>
          <line num="370" count="2" type="stmt"/>
          <line num="375" count="1" type="stmt"/>
          <line num="384" count="1" type="cond" truecount="1" falsecount="1"/>
          <line num="385" count="0" type="stmt"/>
          <line num="386" count="1" type="cond" truecount="1" falsecount="1"/>
          <line num="387" count="0" type="stmt"/>
          <line num="389" count="1" type="stmt"/>
          <line num="397" count="2" type="stmt"/>
          <line num="398" count="2" type="stmt"/>
          <line num="403" count="1" type="stmt"/>
          <line num="412" count="1" type="cond" truecount="1" falsecount="1"/>
          <line num="413" count="0" type="stmt"/>
          <line num="414" count="1" type="cond" truecount="1" falsecount="1"/>
          <line num="415" count="0" type="stmt"/>
          <line num="417" count="1" type="stmt"/>
          <line num="425" count="2" type="stmt"/>
          <line num="426" count="2" type="stmt"/>
          <line num="431" count="1" type="stmt"/>
          <line num="437" count="1" type="cond" truecount="1" falsecount="1"/>
          <line num="438" count="0" type="stmt"/>
          <line num="439" count="1" type="cond" truecount="1" falsecount="1"/>
          <line num="440" count="0" type="stmt"/>
          <line num="442" count="1" type="stmt"/>
          <line num="449" count="2" type="stmt"/>
          <line num="450" count="2" type="stmt"/>
          <line num="455" count="1" type="stmt"/>
          <line num="461" count="1" type="cond" truecount="1" falsecount="1"/>
          <line num="462" count="0" type="stmt"/>
          <line num="463" count="1" type="cond" truecount="1" falsecount="1"/>
          <line num="464" count="0" type="stmt"/>
          <line num="466" count="1" type="stmt"/>
        </file>
        <file name="categoryAction.js" path="/Users/zachang/checkpoint/HelloBooks/client/src/actions/categoryAction.js">
          <metrics statements="18" coveredstatements="14" conditionals="10" coveredconditionals="6" methods="8" coveredmethods="8"/>
          <line num="5" count="3" type="stmt"/>
          <line num="6" count="3" type="stmt"/>
          <line num="9" count="1" type="stmt"/>
          <line num="13" count="2" type="cond" truecount="1" falsecount="1"/>
          <line num="14" count="0" type="stmt"/>
          <line num="15" count="2" type="cond" truecount="1" falsecount="1"/>
          <line num="16" count="0" type="stmt"/>
          <line num="17" count="2" type="cond" truecount="2" falsecount="0"/>
          <line num="18" count="1" type="stmt"/>
          <line num="23" count="1" type="stmt"/>
          <line num="31" count="2" type="stmt"/>
          <line num="32" count="2" type="stmt"/>
          <line num="36" count="1" type="stmt"/>
          <line num="40" count="1" type="cond" truecount="1" falsecount="1"/>
          <line num="41" count="0" type="stmt"/>
          <line num="42" count="1" type="cond" truecount="1" falsecount="1"/>
          <line num="43" count="0" type="stmt"/>
          <line num="45" count="1" type="stmt"/>
        </file>
        <file name="signinAction.js" path="/Users/zachang/checkpoint/HelloBooks/client/src/actions/signinAction.js">
          <metrics statements="15" coveredstatements="15" conditionals="0" coveredconditionals="0" methods="10" coveredmethods="10"/>
          <line num="5" count="2" type="stmt"/>
          <line num="6" count="2" type="stmt"/>
          <line num="8" count="1" type="stmt"/>
          <line num="9" count="1" type="stmt"/>
          <line num="10" count="1" type="stmt"/>
          <line num="11" count="1" type="stmt"/>
          <line num="14" count="2" type="stmt"/>
          <line num="21" count="2" type="stmt"/>
          <line num="22" count="2" type="stmt"/>
          <line num="24" count="1" type="stmt"/>
          <line num="25" count="1" type="stmt"/>
          <line num="26" count="1" type="stmt"/>
          <line num="30" count="1" type="stmt"/>
          <line num="33" count="2" type="stmt"/>
          <line num="40" count="1" type="stmt"/>
        </file>
        <file name="signupAction.js" path="/Users/zachang/checkpoint/HelloBooks/client/src/actions/signupAction.js">
          <metrics statements="8" coveredstatements="8" conditionals="2" coveredconditionals="2" methods="4" coveredmethods="4"/>
          <line num="4" count="3" type="stmt"/>
          <line num="5" count="3" type="stmt"/>
          <line num="7" count="1" type="stmt"/>
          <line num="8" count="1" type="stmt"/>
          <line num="9" count="1" type="stmt"/>
          <line num="12" count="2" type="cond" truecount="2" falsecount="0"/>
          <line num="13" count="1" type="stmt"/>
          <line num="17" count="1" type="stmt"/>
        </file>
        <file name="userAction.js" path="/Users/zachang/checkpoint/HelloBooks/client/src/actions/userAction.js">
          <metrics statements="54" coveredstatements="30" conditionals="40" coveredconditionals="15" methods="20" coveredmethods="16"/>
          <line num="6" count="2" type="stmt"/>
          <line num="7" count="2" type="stmt"/>
          <line num="11" count="1" type="stmt"/>
          <line num="18" count="1" type="cond" truecount="1" falsecount="1"/>
          <line num="19" count="0" type="stmt"/>
          <line num="20" count="1" type="cond" truecount="1" falsecount="1"/>
          <line num="21" count="0" type="stmt"/>
          <line num="23" count="1" type="stmt"/>
          <line num="31" count="2" type="stmt"/>
          <line num="32" count="2" type="stmt"/>
          <line num="36" count="1" type="stmt"/>
          <line num="42" count="1" type="cond" truecount="1" falsecount="1"/>
          <line num="43" count="0" type="stmt"/>
          <line num="44" count="1" type="cond" truecount="1" falsecount="1"/>
          <line num="45" count="0" type="stmt"/>
          <line num="46" count="1" type="cond" truecount="1" falsecount="1"/>
          <line num="47" count="0" type="stmt"/>
          <line num="49" count="1" type="stmt"/>
          <line num="57" count="3" type="stmt"/>
          <line num="58" count="3" type="cond" truecount="2" falsecount="2"/>
          <line num="59" count="3" type="stmt"/>
          <line num="62" count="1" type="stmt"/>
          <line num="68" count="2" type="cond" truecount="1" falsecount="1"/>
          <line num="69" count="0" type="stmt"/>
          <line num="70" count="2" type="cond" truecount="1" falsecount="1"/>
          <line num="71" count="0" type="stmt"/>
          <line num="72" count="2" type="cond" truecount="2" falsecount="0"/>
          <line num="73" count="1" type="stmt"/>
          <line num="78" count="1" type="stmt"/>
          <line num="84" count="0" type="cond" truecount="0" falsecount="4"/>
          <line num="85" count="0" type="stmt"/>
          <line num="86" count="0" type="stmt"/>
          <line num="90" count="0" type="stmt"/>
          <line num="91" count="0" type="stmt"/>
          <line num="94" count="0" type="stmt"/>
          <line num="100" count="0" type="cond" truecount="0" falsecount="2"/>
          <line num="101" count="0" type="stmt"/>
          <line num="102" count="0" type="cond" truecount="0" falsecount="2"/>
          <line num="103" count="0" type="stmt"/>
          <line num="104" count="0" type="cond" truecount="0" falsecount="2"/>
          <line num="105" count="0" type="stmt"/>
          <line num="110" count="0" type="stmt"/>
          <line num="118" count="0" type="cond" truecount="0" falsecount="4"/>
          <line num="119" count="0" type="stmt"/>
          <line num="128" count="3" type="stmt"/>
          <line num="129" count="3" type="stmt"/>
          <line num="132" count="1" type="stmt"/>
          <line num="138" count="2" type="cond" truecount="1" falsecount="1"/>
          <line num="139" count="0" type="stmt"/>
          <line num="140" count="2" type="cond" truecount="1" falsecount="1"/>
          <line num="141" count="0" type="stmt"/>
          <line num="142" count="2" type="cond" truecount="2" falsecount="0"/>
          <line num="143" count="1" type="stmt"/>
          <line num="148" count="1" type="stmt"/>
        </file>
      </package>
      <package name="components">
        <metrics statements="4" coveredstatements="3" conditionals="0" coveredconditionals="0" methods="3" coveredmethods="2"/>
        <file name="Homepage.jsx" path="/Users/zachang/checkpoint/HelloBooks/client/src/components/Homepage.jsx">
          <metrics statements="3" coveredstatements="3" conditionals="0" coveredconditionals="0" methods="2" coveredmethods="2"/>
          <line num="16" count="1" type="stmt"/>
          <line num="17" count="1" type="stmt"/>
          <line num="27" count="1" type="stmt"/>
        </file>
        <file name="HomepageStatement.jsx" path="/Users/zachang/checkpoint/HelloBooks/client/src/components/HomepageStatement.jsx">
          <metrics statements="1" coveredstatements="0" conditionals="0" coveredconditionals="0" methods="1" coveredmethods="0"/>
          <line num="15" count="0" type="stmt"/>
        </file>
      </package>
      <package name="components.common">
        <metrics statements="3" coveredstatements="1" conditionals="2" coveredconditionals="0" methods="2" coveredmethods="0"/>
        <file name="HomepageHeader.jsx" path="/Users/zachang/checkpoint/HelloBooks/client/src/components/common/HomepageHeader.jsx">
          <metrics statements="3" coveredstatements="1" conditionals="2" coveredconditionals="0" methods="2" coveredmethods="0"/>
          <line num="17" count="0" type="stmt"/>
          <line num="25" count="0" type="stmt"/>
          <line num="75" count="1" type="stmt"/>
        </file>
      </package>
      <package name="reducers.auth">
        <metrics statements="26" coveredstatements="26" conditionals="12" coveredconditionals="10" methods="2" coveredmethods="2"/>
        <file name="signinReducer.js" path="/Users/zachang/checkpoint/HelloBooks/client/src/reducers/auth/signinReducer.js">
          <metrics statements="15" coveredstatements="15" conditionals="7" coveredconditionals="6" methods="1" coveredmethods="1"/>
          <line num="3" count="1" type="stmt"/>
          <line num="8" count="1" type="cond" truecount="0" falsecount="1"/>
          <line num="9" count="6" type="cond" truecount="6" falsecount="0"/>
          <line num="11" count="1" type="stmt"/>
          <line num="16" count="1" type="stmt"/>
          <line num="18" count="1" type="stmt"/>
          <line num="23" count="1" type="stmt"/>
          <line num="25" count="1" type="stmt"/>
          <line num="31" count="1" type="stmt"/>
          <line num="33" count="1" type="stmt"/>
          <line num="39" count="1" type="stmt"/>
          <line num="41" count="1" type="stmt"/>
          <line num="45" count="1" type="stmt"/>
          <line num="47" count="1" type="stmt"/>
          <line num="49" count="5" type="stmt"/>
        </file>
        <file name="signupReducer.js" path="/Users/zachang/checkpoint/HelloBooks/client/src/reducers/auth/signupReducer.js">
          <metrics statements="11" coveredstatements="11" conditionals="5" coveredconditionals="4" methods="1" coveredmethods="1"/>
          <line num="3" count="1" type="stmt"/>
          <line num="8" count="1" type="cond" truecount="0" falsecount="1"/>
          <line num="9" count="4" type="cond" truecount="4" falsecount="0"/>
          <line num="11" count="1" type="stmt"/>
          <line num="17" count="1" type="stmt"/>
          <line num="19" count="1" type="stmt"/>
          <line num="24" count="1" type="stmt"/>
          <line num="26" count="1" type="stmt"/>
          <line num="31" count="1" type="stmt"/>
          <line num="33" count="1" type="stmt"/>
          <line num="35" count="3" type="stmt"/>
        </file>
      </package>
      <package name="reducers.book">
        <metrics statements="62" coveredstatements="62" conditionals="30" coveredconditionals="29" methods="2" coveredmethods="2"/>
        <file name="bookReducer.js" path="/Users/zachang/checkpoint/HelloBooks/client/src/reducers/book/bookReducer.js">
          <metrics statements="62" coveredstatements="62" conditionals="30" coveredconditionals="29" methods="2" coveredmethods="2"/>
          <line num="3" count="1" type="stmt"/>
          <line num="23" count="1" type="cond" truecount="0" falsecount="1"/>
          <line num="24" count="29" type="cond" truecount="29" falsecount="0"/>
          <line num="26" count="1" type="stmt"/>
          <line num="32" count="1" type="stmt"/>
          <line num="34" count="1" type="stmt"/>
          <line num="39" count="1" type="stmt"/>
          <line num="41" count="1" type="stmt"/>
          <line num="47" count="1" type="stmt"/>
          <line num="49" count="1" type="stmt"/>
          <line num="54" count="1" type="stmt"/>
          <line num="56" count="1" type="stmt"/>
          <line num="61" count="1" type="stmt"/>
          <line num="63" count="1" type="stmt"/>
          <line num="68" count="1" type="stmt"/>
          <line num="70" count="1" type="stmt"/>
          <line num="77" count="1" type="stmt"/>
          <line num="79" count="1" type="stmt"/>
          <line num="85" count="1" type="stmt"/>
          <line num="87" count="1" type="stmt"/>
          <line num="93" count="1" type="stmt"/>
          <line num="95" count="1" type="stmt"/>
          <line num="101" count="1" type="stmt"/>
          <line num="103" count="1" type="stmt"/>
          <line num="109" count="2" type="stmt"/>
          <line num="112" count="1" type="stmt"/>
          <line num="114" count="1" type="stmt"/>
          <line num="119" count="1" type="stmt"/>
          <line num="121" count="1" type="stmt"/>
          <line num="128" count="1" type="stmt"/>
          <line num="130" count="1" type="stmt"/>
          <line num="135" count="1" type="stmt"/>
          <line num="137" count="1" type="stmt"/>
          <line num="144" count="1" type="stmt"/>
          <line num="146" count="1" type="stmt"/>
          <line num="151" count="1" type="stmt"/>
          <line num="153" count="1" type="stmt"/>
          <line num="160" count="1" type="stmt"/>
          <line num="162" count="1" type="stmt"/>
          <line num="168" count="1" type="stmt"/>
          <line num="170" count="1" type="stmt"/>
          <line num="177" count="1" type="stmt"/>
          <line num="179" count="1" type="stmt"/>
          <line num="185" count="1" type="stmt"/>
          <line num="187" count="1" type="stmt"/>
          <line num="194" count="1" type="stmt"/>
          <line num="196" count="1" type="stmt"/>
          <line num="202" count="1" type="stmt"/>
          <line num="204" count="1" type="stmt"/>
          <line num="211" count="1" type="stmt"/>
          <line num="213" count="1" type="stmt"/>
          <line num="219" count="1" type="stmt"/>
          <line num="221" count="1" type="stmt"/>
          <line num="228" count="1" type="stmt"/>
          <line num="230" count="1" type="stmt"/>
          <line num="235" count="1" type="stmt"/>
          <line num="237" count="1" type="stmt"/>
          <line num="244" count="1" type="stmt"/>
          <line num="246" count="1" type="stmt"/>
          <line num="251" count="1" type="stmt"/>
          <line num="253" count="1" type="stmt"/>
          <line num="255" count="28" type="stmt"/>
        </file>
      </package>
      <package name="reducers.category">
        <metrics statements="15" coveredstatements="15" conditionals="7" coveredconditionals="6" methods="1" coveredmethods="1"/>
        <file name="categoryReducer.js" path="/Users/zachang/checkpoint/HelloBooks/client/src/reducers/category/categoryReducer.js">
          <metrics statements="15" coveredstatements="15" conditionals="7" coveredconditionals="6" methods="1" coveredmethods="1"/>
          <line num="3" count="1" type="stmt"/>
          <line num="9" count="1" type="cond" truecount="0" falsecount="1"/>
          <line num="10" count="6" type="cond" truecount="6" falsecount="0"/>
          <line num="12" count="1" type="stmt"/>
          <line num="18" count="1" type="stmt"/>
          <line num="20" count="1" type="stmt"/>
          <line num="25" count="1" type="stmt"/>
          <line num="27" count="1" type="stmt"/>
          <line num="32" count="1" type="stmt"/>
          <line num="34" count="1" type="stmt"/>
          <line num="40" count="1" type="stmt"/>
          <line num="42" count="1" type="stmt"/>
          <line num="48" count="1" type="stmt"/>
          <line num="50" count="1" type="stmt"/>
          <line num="52" count="5" type="stmt"/>
        </file>
      </package>
      <package name="reducers.user">
        <metrics statements="25" coveredstatements="25" conditionals="12" coveredconditionals="11" methods="1" coveredmethods="1"/>
        <file name="userReducer.js" path="/Users/zachang/checkpoint/HelloBooks/client/src/reducers/user/userReducer.js">
          <metrics statements="25" coveredstatements="25" conditionals="12" coveredconditionals="11" methods="1" coveredmethods="1"/>
          <line num="3" count="1" type="stmt"/>
          <line num="11" count="1" type="cond" truecount="0" falsecount="1"/>
          <line num="12" count="11" type="cond" truecount="11" falsecount="0"/>
          <line num="14" count="1" type="stmt"/>
          <line num="21" count="1" type="stmt"/>
          <line num="23" count="1" type="stmt"/>
          <line num="29" count="1" type="stmt"/>
          <line num="31" count="1" type="stmt"/>
          <line num="37" count="1" type="stmt"/>
          <line num="39" count="1" type="stmt"/>
          <line num="45" count="1" type="stmt"/>
          <line num="47" count="1" type="stmt"/>
          <line num="52" count="1" type="stmt"/>
          <line num="54" count="1" type="stmt"/>
          <line num="59" count="1" type="stmt"/>
          <line num="61" count="1" type="stmt"/>
          <line num="66" count="1" type="stmt"/>
          <line num="68" count="1" type="stmt"/>
          <line num="73" count="1" type="stmt"/>
          <line num="75" count="1" type="stmt"/>
          <line num="80" count="1" type="stmt"/>
          <line num="82" count="1" type="stmt"/>
          <line num="87" count="1" type="stmt"/>
          <line num="89" count="1" type="stmt"/>
          <line num="91" count="10" type="stmt"/>
        </file>
      </package>
      <package name="utils">
        <metrics statements="34" coveredstatements="6" conditionals="10" coveredconditionals="0" methods="8" coveredmethods="1"/>
        <file name="helpers.js" path="/Users/zachang/checkpoint/HelloBooks/client/src/utils/helpers.js">
          <metrics statements="15" coveredstatements="4" conditionals="8" coveredconditionals="0" methods="3" coveredmethods="1"/>
          <line num="4" count="4" type="stmt"/>
          <line num="5" count="0" type="stmt"/>
          <line num="8" count="4" type="stmt"/>
          <line num="9" count="2" type="stmt"/>
          <line num="10" count="0" type="cond" truecount="0" falsecount="2"/>
          <line num="11" count="0" type="stmt"/>
          <line num="13" count="0" type="stmt"/>
          <line num="17" count="4" type="stmt"/>
          <line num="18" count="0" type="cond" truecount="0" falsecount="2"/>
          <line num="19" count="0" type="stmt"/>
          <line num="20" count="0" type="stmt"/>
          <line num="21" count="0" type="cond" truecount="0" falsecount="2"/>
          <line num="22" count="0" type="stmt"/>
          <line num="23" count="0" type="cond" truecount="0" falsecount="2"/>
          <line num="24" count="0" type="stmt"/>
        </file>
        <file name="uploader.js" path="/Users/zachang/checkpoint/HelloBooks/client/src/utils/uploader.js">
          <metrics statements="19" coveredstatements="2" conditionals="2" coveredconditionals="0" methods="5" coveredmethods="0"/>
          <line num="4" count="2" type="stmt"/>
          <line num="5" count="0" type="stmt"/>
          <line num="6" count="0" type="stmt"/>
          <line num="7" count="0" type="stmt"/>
          <line num="8" count="0" type="stmt"/>
          <line num="9" count="0" type="stmt"/>
          <line num="10" count="0" type="stmt"/>
          <line num="11" count="0" type="stmt"/>
          <line num="17" count="0" type="stmt"/>
          <line num="18" count="0" type="stmt"/>
          <line num="19" count="0" type="stmt"/>
          <line num="20" count="0" type="stmt"/>
          <line num="22" count="0" type="stmt"/>
          <line num="25" count="2" type="stmt"/>
          <line num="26" count="0" type="stmt"/>
          <line num="27" count="0" type="stmt"/>
          <line num="28" count="0" type="cond" truecount="0" falsecount="2"/>
          <line num="29" count="0" type="stmt"/>
          <line num="31" count="0" type="stmt"/>
        </file>
      </package>
    </metrics>
  </project>
</coverage>
