TN:
SF:/Users/zachang/checkpoint/HelloBooks/client/src/actions/actionTypes.js
FNF:0
FNH:0
LF:0
LH:0
BRF:0
BRH:0
end_of_record
TN:
SF:/Users/zachang/checkpoint/HelloBooks/client/src/actions/bookAction.js
FN:6,(anonymous_0)
FN:6,(anonymous_1)
FN:8,(anonymous_2)
FN:14,(anonymous_3)
FN:22,(anonymous_4)
FN:28,(anonymous_5)
FN:46,(anonymous_6)
FN:64,(anonymous_7)
FN:64,(anonymous_8)
FN:69,(anonymous_9)
FN:75,(anonymous_10)
FN:94,(anonymous_11)
FN:102,(anonymous_12)
FN:108,(anonymous_13)
FN:126,(anonymous_14)
FN:137,(anonymous_15)
FN:145,(anonymous_16)
FN:151,(anonymous_17)
FN:169,(anonymous_18)
FN:181,(anonymous_19)
FN:181,(anonymous_20)
FN:191,(anonymous_21)
FN:198,(anonymous_22)
FN:212,(anonymous_23)
FN:212,(anonymous_24)
FN:217,(anonymous_25)
FN:223,(anonymous_26)
FN:238,(anonymous_27)
FN:238,(anonymous_28)
FN:243,(anonymous_29)
FN:249,(anonymous_30)
FN:263,(anonymous_31)
FN:263,(anonymous_32)
FN:268,(anonymous_33)
FN:274,(anonymous_34)
FN:288,(anonymous_35)
FN:288,(anonymous_36)
FN:293,(anonymous_37)
FN:299,(anonymous_38)
FN:313,(anonymous_39)
FN:313,(anonymous_40)
FN:318,(anonymous_41)
FN:327,(anonymous_42)
FN:341,(anonymous_43)
FN:341,(anonymous_44)
FN:346,(anonymous_45)
FN:355,(anonymous_46)
FN:369,(anonymous_47)
FN:369,(anonymous_48)
FN:374,(anonymous_49)
FN:383,(anonymous_50)
FN:397,(anonymous_51)
FN:397,(anonymous_52)
FN:402,(anonymous_53)
FN:411,(anonymous_54)
FN:425,(anonymous_55)
FN:425,(anonymous_56)
FN:430,(anonymous_57)
FN:436,(anonymous_58)
FN:449,(anonymous_59)
FN:449,(anonymous_60)
FN:454,(anonymous_61)
FN:460,(anonymous_62)
FNF:63
FNH:44
FNDA:0,(anonymous_0)
FNDA:0,(anonymous_1)
FNDA:0,(anonymous_2)
FNDA:0,(anonymous_3)
FNDA:0,(anonymous_4)
FNDA:0,(anonymous_5)
FNDA:0,(anonymous_6)
FNDA:0,(anonymous_7)
FNDA:0,(anonymous_8)
FNDA:0,(anonymous_9)
FNDA:0,(anonymous_10)
FNDA:0,(anonymous_11)
FNDA:0,(anonymous_12)
FNDA:0,(anonymous_13)
FNDA:0,(anonymous_14)
FNDA:0,(anonymous_15)
FNDA:0,(anonymous_16)
FNDA:0,(anonymous_17)
FNDA:0,(anonymous_18)
FNDA:2,(anonymous_19)
FNDA:2,(anonymous_20)
FNDA:1,(anonymous_21)
FNDA:1,(anonymous_22)
FNDA:2,(anonymous_23)
FNDA:2,(anonymous_24)
FNDA:1,(anonymous_25)
FNDA:1,(anonymous_26)
FNDA:2,(anonymous_27)
FNDA:2,(anonymous_28)
FNDA:1,(anonymous_29)
FNDA:1,(anonymous_30)
FNDA:2,(anonymous_31)
FNDA:2,(anonymous_32)
FNDA:1,(anonymous_33)
FNDA:1,(anonymous_34)
FNDA:2,(anonymous_35)
FNDA:2,(anonymous_36)
FNDA:1,(anonymous_37)
FNDA:1,(anonymous_38)
FNDA:2,(anonymous_39)
FNDA:2,(anonymous_40)
FNDA:1,(anonymous_41)
FNDA:1,(anonymous_42)
FNDA:2,(anonymous_43)
FNDA:2,(anonymous_44)
FNDA:1,(anonymous_45)
FNDA:1,(anonymous_46)
FNDA:2,(anonymous_47)
FNDA:2,(anonymous_48)
FNDA:1,(anonymous_49)
FNDA:1,(anonymous_50)
FNDA:2,(anonymous_51)
FNDA:2,(anonymous_52)
FNDA:1,(anonymous_53)
FNDA:1,(anonymous_54)
FNDA:2,(anonymous_55)
FNDA:2,(anonymous_56)
FNDA:1,(anonymous_57)
FNDA:1,(anonymous_58)
FNDA:2,(anonymous_59)
FNDA:2,(anonymous_60)
FNDA:1,(anonymous_61)
FNDA:1,(anonymous_62)
DA:6,1
DA:7,0
DA:9,0
DA:13,0
DA:14,0
DA:15,0
DA:19,0
DA:20,0
DA:23,0
DA:29,0
DA:30,0
DA:31,0
DA:32,0
DA:33,0
DA:34,0
DA:39,0
DA:47,0
DA:48,0
DA:54,0
DA:55,0
DA:64,1
DA:65,0
DA:67,0
DA:70,0
DA:76,0
DA:77,0
DA:78,0
DA:79,0
DA:80,0
DA:81,0
DA:86,0
DA:93,0
DA:94,0
DA:95,0
DA:99,0
DA:100,0
DA:103,0
DA:109,0
DA:110,0
DA:111,0
DA:112,0
DA:113,0
DA:114,0
DA:119,0
DA:127,0
DA:128,0
DA:136,0
DA:137,0
DA:138,0
DA:142,0
DA:143,0
DA:146,0
DA:152,0
DA:153,0
DA:154,0
DA:155,0
DA:156,0
DA:157,0
DA:162,0
DA:170,0
DA:171,0
DA:181,2
DA:182,2
DA:183,2
DA:184,2
DA:186,2
DA:192,1
DA:199,1
DA:200,0
DA:201,1
DA:202,0
DA:204,1
DA:212,2
DA:213,2
DA:218,1
DA:224,1
DA:225,0
DA:226,1
DA:227,0
DA:229,1
DA:238,2
DA:239,2
DA:244,1
DA:250,1
DA:251,0
DA:252,1
DA:253,0
DA:255,1
DA:263,2
DA:264,2
DA:269,1
DA:275,1
DA:276,0
DA:277,1
DA:278,0
DA:280,1
DA:288,2
DA:289,2
DA:294,1
DA:300,1
DA:301,0
DA:302,1
DA:303,0
DA:305,1
DA:313,2
DA:314,2
DA:319,1
DA:328,1
DA:329,0
DA:330,1
DA:331,0
DA:333,1
DA:341,2
DA:342,2
DA:347,1
DA:356,1
DA:357,0
DA:358,1
DA:359,0
DA:361,1
DA:369,2
DA:370,2
DA:375,1
DA:384,1
DA:385,0
DA:386,1
DA:387,0
DA:389,1
DA:397,2
DA:398,2
DA:403,1
DA:412,1
DA:413,0
DA:414,1
DA:415,0
DA:417,1
DA:425,2
DA:426,2
DA:431,1
DA:437,1
DA:438,0
DA:439,1
DA:440,0
DA:442,1
DA:449,2
DA:450,2
DA:455,1
DA:461,1
DA:462,0
DA:463,1
DA:464,0
DA:466,1
LF:152
LH:71
BRDA:29,0,0,0
BRDA:29,0,1,0
BRDA:31,1,0,0
BRDA:31,1,1,0
BRDA:33,2,0,0
BRDA:33,2,1,0
BRDA:47,3,0,0
BRDA:47,3,1,0
BRDA:47,4,0,0
BRDA:47,4,1,0
BRDA:54,5,0,0
BRDA:54,5,1,0
BRDA:54,6,0,0
BRDA:54,6,1,0
BRDA:65,7,0,0
BRDA:65,7,1,0
BRDA:65,8,0,0
BRDA:65,8,1,0
BRDA:65,8,2,0
BRDA:65,8,3,0
BRDA:76,9,0,0
BRDA:76,9,1,0
BRDA:78,10,0,0
BRDA:78,10,1,0
BRDA:80,11,0,0
BRDA:80,11,1,0
BRDA:93,12,0,0
BRDA:93,12,1,0
BRDA:93,13,0,0
BRDA:93,13,1,0
BRDA:109,14,0,0
BRDA:109,14,1,0
BRDA:111,15,0,0
BRDA:111,15,1,0
BRDA:113,16,0,0
BRDA:113,16,1,0
BRDA:127,17,0,0
BRDA:127,17,1,0
BRDA:127,18,0,0
BRDA:127,18,1,0
BRDA:136,19,0,0
BRDA:136,19,1,0
BRDA:136,20,0,0
BRDA:136,20,1,0
BRDA:152,21,0,0
BRDA:152,21,1,0
BRDA:154,22,0,0
BRDA:154,22,1,0
BRDA:156,23,0,0
BRDA:156,23,1,0
BRDA:170,24,0,0
BRDA:170,24,1,0
BRDA:170,25,0,0
BRDA:170,25,1,0
BRDA:183,26,0,2
BRDA:183,26,1,0
BRDA:199,27,0,0
BRDA:199,27,1,1
BRDA:201,28,0,0
BRDA:201,28,1,1
BRDA:224,29,0,0
BRDA:224,29,1,1
BRDA:226,30,0,0
BRDA:226,30,1,1
BRDA:250,31,0,0
BRDA:250,31,1,1
BRDA:252,32,0,0
BRDA:252,32,1,1
BRDA:275,33,0,0
BRDA:275,33,1,1
BRDA:277,34,0,0
BRDA:277,34,1,1
BRDA:300,35,0,0
BRDA:300,35,1,1
BRDA:302,36,0,0
BRDA:302,36,1,1
BRDA:328,37,0,0
BRDA:328,37,1,1
BRDA:330,38,0,0
BRDA:330,38,1,1
BRDA:356,39,0,0
BRDA:356,39,1,1
BRDA:358,40,0,0
BRDA:358,40,1,1
BRDA:384,41,0,0
BRDA:384,41,1,1
BRDA:386,42,0,0
BRDA:386,42,1,1
BRDA:412,43,0,0
BRDA:412,43,1,1
BRDA:414,44,0,0
BRDA:414,44,1,1
BRDA:437,45,0,0
BRDA:437,45,1,1
BRDA:439,46,0,0
BRDA:439,46,1,1
BRDA:461,47,0,0
BRDA:461,47,1,1
BRDA:463,48,0,0
BRDA:463,48,1,1
BRF:100
BRH:23
end_of_record
TN:
SF:/Users/zachang/checkpoint/HelloBooks/client/src/actions/categoryAction.js
FN:5,(anonymous_0)
FN:5,(anonymous_1)
FN:8,(anonymous_2)
FN:12,(anonymous_3)
FN:31,(anonymous_4)
FN:31,(anonymous_5)
FN:35,(anonymous_6)
FN:39,(anonymous_7)
FNF:8
FNH:8
FNDA:3,(anonymous_0)
FNDA:3,(anonymous_1)
FNDA:1,(anonymous_2)
FNDA:2,(anonymous_3)
FNDA:2,(anonymous_4)
FNDA:2,(anonymous_5)
FNDA:1,(anonymous_6)
FNDA:1,(anonymous_7)
DA:5,3
DA:6,3
DA:9,1
DA:13,2
DA:14,0
DA:15,2
DA:16,0
DA:17,2
DA:18,1
DA:23,1
DA:31,2
DA:32,2
DA:36,1
DA:40,1
DA:41,0
DA:42,1
DA:43,0
DA:45,1
LF:18
LH:14
BRDA:13,0,0,0
BRDA:13,0,1,2
BRDA:15,1,0,0
BRDA:15,1,1,2
BRDA:17,2,0,1
BRDA:17,2,1,1
BRDA:40,3,0,0
BRDA:40,3,1,1
BRDA:42,4,0,0
BRDA:42,4,1,1
BRF:10
BRH:6
end_of_record
TN:
SF:/Users/zachang/checkpoint/HelloBooks/client/src/actions/signinAction.js
FN:5,(anonymous_0)
FN:5,(anonymous_1)
FN:7,(anonymous_2)
FN:13,(anonymous_3)
FN:21,(anonymous_4)
FN:21,(anonymous_5)
FN:23,(anonymous_6)
FN:32,(anonymous_7)
FN:40,(anonymous_8)
FN:40,(anonymous_9)
FNF:10
FNH:10
FNDA:2,(anonymous_0)
FNDA:2,(anonymous_1)
FNDA:1,(anonymous_2)
FNDA:2,(anonymous_3)
FNDA:2,(anonymous_4)
FNDA:2,(anonymous_5)
FNDA:1,(anonymous_6)
FNDA:2,(anonymous_7)
FNDA:1,(anonymous_8)
FNDA:1,(anonymous_9)
DA:5,2
DA:6,2
DA:8,1
DA:9,1
DA:10,1
DA:11,1
DA:14,2
DA:21,2
DA:22,2
DA:24,1
DA:25,1
DA:26,1
DA:30,1
DA:33,2
DA:40,1
LF:15
LH:15
BRF:0
BRH:0
end_of_record
TN:
SF:/Users/zachang/checkpoint/HelloBooks/client/src/actions/signupAction.js
FN:4,(anonymous_0)
FN:4,(anonymous_1)
FN:6,(anonymous_2)
FN:11,(anonymous_3)
FNF:4
FNH:4
FNDA:3,(anonymous_0)
FNDA:3,(anonymous_1)
FNDA:1,(anonymous_2)
FNDA:2,(anonymous_3)
DA:4,3
DA:5,3
DA:7,1
DA:8,1
DA:9,1
DA:12,2
DA:13,1
DA:17,1
LF:8
LH:8
BRDA:12,0,0,1
BRDA:12,0,1,1
BRF:2
BRH:2
end_of_record
TN:
SF:/Users/zachang/checkpoint/HelloBooks/client/src/actions/userAction.js
FN:6,(anonymous_0)
FN:6,(anonymous_1)
FN:10,(anonymous_2)
FN:17,(anonymous_3)
FN:31,(anonymous_4)
FN:31,(anonymous_5)
FN:35,(anonymous_6)
FN:41,(anonymous_7)
FN:57,(anonymous_8)
FN:57,(anonymous_9)
FN:61,(anonymous_10)
FN:67,(anonymous_11)
FN:85,(anonymous_12)
FN:93,(anonymous_13)
FN:99,(anonymous_14)
FN:117,(anonymous_15)
FN:128,(anonymous_16)
FN:128,(anonymous_17)
FN:131,(anonymous_18)
FN:137,(anonymous_19)
FNF:20
FNH:16
FNDA:2,(anonymous_0)
FNDA:2,(anonymous_1)
FNDA:1,(anonymous_2)
FNDA:1,(anonymous_3)
FNDA:2,(anonymous_4)
FNDA:2,(anonymous_5)
FNDA:1,(anonymous_6)
FNDA:1,(anonymous_7)
FNDA:3,(anonymous_8)
FNDA:3,(anonymous_9)
FNDA:1,(anonymous_10)
FNDA:2,(anonymous_11)
FNDA:0,(anonymous_12)
FNDA:0,(anonymous_13)
FNDA:0,(anonymous_14)
FNDA:0,(anonymous_15)
FNDA:3,(anonymous_16)
FNDA:3,(anonymous_17)
FNDA:1,(anonymous_18)
FNDA:2,(anonymous_19)
DA:6,2
DA:7,2
DA:11,1
DA:18,1
DA:19,0
DA:20,1
DA:21,0
DA:23,1
DA:31,2
DA:32,2
DA:36,1
DA:42,1
DA:43,0
DA:44,1
DA:45,0
DA:46,1
DA:47,0
DA:49,1
DA:57,3
DA:58,3
DA:59,3
DA:62,1
DA:68,2
DA:69,0
DA:70,2
DA:71,0
DA:72,2
DA:73,1
DA:78,1
DA:84,0
DA:85,0
DA:86,0
DA:90,0
DA:91,0
DA:94,0
DA:100,0
DA:101,0
DA:102,0
DA:103,0
DA:104,0
DA:105,0
DA:110,0
DA:118,0
DA:119,0
DA:128,3
DA:129,3
DA:132,1
DA:138,2
DA:139,0
DA:140,2
DA:141,0
DA:142,2
DA:143,1
DA:148,1
LF:54
LH:30
BRDA:18,0,0,0
BRDA:18,0,1,1
BRDA:20,1,0,0
BRDA:20,1,1,1
BRDA:42,2,0,0
BRDA:42,2,1,1
BRDA:44,3,0,0
BRDA:44,3,1,1
BRDA:46,4,0,0
BRDA:46,4,1,1
BRDA:58,5,0,3
BRDA:58,5,1,0
BRDA:58,6,0,3
BRDA:58,6,1,0
BRDA:68,7,0,0
BRDA:68,7,1,2
BRDA:70,8,0,0
BRDA:70,8,1,2
BRDA:72,9,0,1
BRDA:72,9,1,1
BRDA:84,10,0,0
BRDA:84,10,1,0
BRDA:84,11,0,0
BRDA:84,11,1,0
BRDA:100,12,0,0
BRDA:100,12,1,0
BRDA:102,13,0,0
BRDA:102,13,1,0
BRDA:104,14,0,0
BRDA:104,14,1,0
BRDA:118,15,0,0
BRDA:118,15,1,0
BRDA:118,16,0,0
BRDA:118,16,1,0
BRDA:138,17,0,0
BRDA:138,17,1,2
BRDA:140,18,0,0
BRDA:140,18,1,2
BRDA:142,19,0,1
BRDA:142,19,1,1
BRF:40
BRH:15
end_of_record
TN:
SF:/Users/zachang/checkpoint/HelloBooks/client/src/components/Homepage.jsx
FN:15,(anonymous_0)
FN:26,(anonymous_1)
FNF:2
FNH:2
FNDA:1,(anonymous_0)
FNDA:1,(anonymous_1)
DA:16,1
DA:17,1
DA:27,1
LF:3
LH:3
BRF:0
BRH:0
end_of_record
TN:
SF:/Users/zachang/checkpoint/HelloBooks/client/src/components/HomepageStatement.jsx
FN:14,(anonymous_0)
FNF:1
FNH:0
FNDA:0,(anonymous_0)
DA:15,0
LF:1
LH:0
BRF:0
BRH:0
end_of_record
TN:
SF:/Users/zachang/checkpoint/HelloBooks/client/src/components/common/HomepageHeader.jsx
FN:16,(anonymous_0)
FN:24,(anonymous_1)
FNF:2
FNH:0
FNDA:0,(anonymous_0)
FNDA:0,(anonymous_1)
DA:17,0
DA:25,0
DA:75,1
LF:3
LH:1
BRDA:38,0,0,0
BRDA:38,0,1,0
BRF:2
BRH:0
end_of_record
TN:
SF:/Users/zachang/checkpoint/HelloBooks/client/src/reducers/auth/signinReducer.js
FN:8,(anonymous_0)
FNF:1
FNH:1
FNDA:6,(anonymous_0)
DA:3,1
DA:8,1
DA:9,6
DA:11,1
DA:16,1
DA:18,1
DA:23,1
DA:25,1
DA:31,1
DA:33,1
DA:39,1
DA:41,1
DA:45,1
DA:47,1
DA:49,5
LF:15
LH:15
BRDA:8,0,0,0
BRDA:9,1,0,1
BRDA:9,1,1,1
BRDA:9,1,2,1
BRDA:9,1,3,1
BRDA:9,1,4,1
BRDA:9,1,5,1
BRF:7
BRH:6
end_of_record
TN:
SF:/Users/zachang/checkpoint/HelloBooks/client/src/reducers/auth/signupReducer.js
FN:8,(anonymous_0)
FNF:1
FNH:1
FNDA:4,(anonymous_0)
DA:3,1
DA:8,1
DA:9,4
DA:11,1
DA:17,1
DA:19,1
DA:24,1
DA:26,1
DA:31,1
DA:33,1
DA:35,3
LF:11
LH:11
BRDA:8,0,0,0
BRDA:9,1,0,1
BRDA:9,1,1,1
BRDA:9,1,2,1
BRDA:9,1,3,1
BRF:5
BRH:4
end_of_record
TN:
SF:/Users/zachang/checkpoint/HelloBooks/client/src/reducers/book/bookReducer.js
FN:23,(anonymous_0)
FN:108,(anonymous_1)
FNF:2
FNH:2
FNDA:29,(anonymous_0)
FNDA:2,(anonymous_1)
DA:3,1
DA:23,1
DA:24,29
DA:26,1
DA:32,1
DA:34,1
DA:39,1
DA:41,1
DA:47,1
DA:49,1
DA:54,1
DA:56,1
DA:61,1
DA:63,1
DA:68,1
DA:70,1
DA:77,1
DA:79,1
DA:85,1
DA:87,1
DA:93,1
DA:95,1
DA:101,1
DA:103,1
DA:109,2
DA:112,1
DA:114,1
DA:119,1
DA:121,1
DA:128,1
DA:130,1
DA:135,1
DA:137,1
DA:144,1
DA:146,1
DA:151,1
DA:153,1
DA:160,1
DA:162,1
DA:168,1
DA:170,1
DA:177,1
DA:179,1
DA:185,1
DA:187,1
DA:194,1
DA:196,1
DA:202,1
DA:204,1
DA:211,1
DA:213,1
DA:219,1
DA:221,1
DA:228,1
DA:230,1
DA:235,1
DA:237,1
DA:244,1
DA:246,1
DA:251,1
DA:253,1
DA:255,28
LF:62
LH:62
BRDA:23,0,0,0
BRDA:24,1,0,1
BRDA:24,1,1,1
BRDA:24,1,2,1
BRDA:24,1,3,1
BRDA:24,1,4,1
BRDA:24,1,5,1
BRDA:24,1,6,1
BRDA:24,1,7,1
BRDA:24,1,8,1
BRDA:24,1,9,1
BRDA:24,1,10,1
BRDA:24,1,11,1
BRDA:24,1,12,1
BRDA:24,1,13,1
BRDA:24,1,14,1
BRDA:24,1,15,1
BRDA:24,1,16,1
BRDA:24,1,17,1
BRDA:24,1,18,1
BRDA:24,1,19,1
BRDA:24,1,20,1
BRDA:24,1,21,1
BRDA:24,1,22,1
BRDA:24,1,23,1
BRDA:24,1,24,1
BRDA:24,1,25,1
BRDA:24,1,26,1
BRDA:24,1,27,1
BRDA:24,1,28,1
BRF:30
BRH:29
end_of_record
TN:
SF:/Users/zachang/checkpoint/HelloBooks/client/src/reducers/category/categoryReducer.js
FN:9,(anonymous_0)
FNF:1
FNH:1
FNDA:6,(anonymous_0)
DA:3,1
DA:9,1
DA:10,6
DA:12,1
DA:18,1
DA:20,1
DA:25,1
DA:27,1
DA:32,1
DA:34,1
DA:40,1
DA:42,1
DA:48,1
DA:50,1
DA:52,5
LF:15
LH:15
BRDA:9,0,0,0
BRDA:10,1,0,1
BRDA:10,1,1,1
BRDA:10,1,2,1
BRDA:10,1,3,1
BRDA:10,1,4,1
BRDA:10,1,5,1
BRF:7
BRH:6
end_of_record
TN:
SF:/Users/zachang/checkpoint/HelloBooks/client/src/reducers/user/userReducer.js
FN:11,(anonymous_0)
FNF:1
FNH:1
FNDA:11,(anonymous_0)
DA:3,1
DA:11,1
DA:12,11
DA:14,1
DA:21,1
DA:23,1
DA:29,1
DA:31,1
DA:37,1
DA:39,1
DA:45,1
DA:47,1
DA:52,1
DA:54,1
DA:59,1
DA:61,1
DA:66,1
DA:68,1
DA:73,1
DA:75,1
DA:80,1
DA:82,1
DA:87,1
DA:89,1
DA:91,10
LF:25
LH:25
BRDA:11,0,0,0
BRDA:12,1,0,1
BRDA:12,1,1,1
BRDA:12,1,2,1
BRDA:12,1,3,1
BRDA:12,1,4,1
BRDA:12,1,5,1
BRDA:12,1,6,1
BRDA:12,1,7,1
BRDA:12,1,8,1
BRDA:12,1,9,1
BRDA:12,1,10,1
BRF:12
BRH:11
end_of_record
TN:
SF:/Users/zachang/checkpoint/HelloBooks/client/src/utils/helpers.js
FN:4,(anonymous_0)
FN:8,(anonymous_1)
FN:17,(anonymous_2)
FNF:3
FNH:1
FNDA:0,(anonymous_0)
FNDA:2,(anonymous_1)
FNDA:0,(anonymous_2)
DA:4,4
DA:5,0
DA:8,4
DA:9,2
DA:10,0
DA:11,0
DA:13,0
DA:17,4
DA:18,0
DA:19,0
DA:20,0
DA:21,0
DA:22,0
DA:23,0
DA:24,0
LF:15
LH:4
BRDA:10,0,0,0
BRDA:10,0,1,0
BRDA:18,1,0,0
BRDA:18,1,1,0
BRDA:21,2,0,0
BRDA:21,2,1,0
BRDA:23,3,0,0
BRDA:23,3,1,0
BRF:8
BRH:0
end_of_record
TN:
SF:/Users/zachang/checkpoint/HelloBooks/client/src/utils/uploader.js
FN:4,(anonymous_0)
FN:19,(anonymous_1)
FN:25,(anonymous_2)
FN:26,(anonymous_3)
FN:27,(anonymous_4)
FNF:5
FNH:0
FNDA:0,(anonymous_0)
FNDA:0,(anonymous_1)
FNDA:0,(anonymous_2)
FNDA:0,(anonymous_3)
FNDA:0,(anonymous_4)
DA:4,2
DA:5,0
DA:6,0
DA:7,0
DA:8,0
DA:9,0
DA:10,0
DA:11,0
DA:17,0
DA:18,0
DA:19,0
DA:20,0
DA:22,0
DA:25,2
DA:26,0
DA:27,0
DA:28,0
DA:29,0
DA:31,0
LF:19
LH:2
BRDA:28,0,0,0
BRDA:28,0,1,0
BRF:2
BRH:0
end_of_record
